<?xml version="1.0" encoding="UTF-8"?>
<!-- Generated by org.testng.reporters.JUnitXMLReporter -->
<testsuite hostname="DESKTOP-T0FTKC2" ignored="0" name="parameters" tests="4" failures="4" timestamp="2021-05-26T09:42:52 PKT" time="0.269" errors="0">
  <testcase name="launch_browser" time="0.0" classname="Frameworks_TestNG_Suite_parameter.Get_Parameters_From_Suite">
    <failure type="org.testng.TestNGException" message="
Parameter &amp;apos;browser_name&amp;apos; is required by @Test on method launch_browser but has not been marked @Optional or defined
in C:\Users\DELL\selenium_workspace\SRIRAM_SELENIUM1\testng.xml">
      <![CDATA[org.testng.TestNGException: 
Parameter 'browser_name' is required by @Test on method launch_browser but has not been marked @Optional or defined
in C:\Users\DELL\selenium_workspace\SRIRAM_SELENIUM1\testng.xml
at java.util.ArrayList.forEach(Unknown Source)
... Removed 26 stack frames]]>
    </failure>
  </testcase> <!-- launch_browser -->
  <testcase name="loadWebpage" time="0.0" classname="Frameworks_TestNG_Suite_parameter.Get_Parameters_From_Suite">
    <failure type="org.testng.TestNGException" message="
Parameter &amp;apos;appurl&amp;apos; is required by @Test on method loadWebpage but has not been marked @Optional or defined
in C:\Users\DELL\selenium_workspace\SRIRAM_SELENIUM1\testng.xml">
      <![CDATA[org.testng.TestNGException: 
Parameter 'appurl' is required by @Test on method loadWebpage but has not been marked @Optional or defined
in C:\Users\DELL\selenium_workspace\SRIRAM_SELENIUM1\testng.xml
at java.util.ArrayList.forEach(Unknown Source)
... Removed 26 stack frames]]>
    </failure>
  </testcase> <!-- loadWebpage -->
  <testcase name="User_login" time="0.0" classname="Frameworks_TestNG_Suite_parameter.Get_Parameters_From_Suite">
    <failure type="org.testng.TestNGException" message="
Parameter &amp;apos;uid&amp;apos; is required by @Test on method User_login but has not been marked @Optional or defined
in C:\Users\DELL\selenium_workspace\SRIRAM_SELENIUM1\testng.xml">
      <![CDATA[org.testng.TestNGException: 
Parameter 'uid' is required by @Test on method User_login but has not been marked @Optional or defined
in C:\Users\DELL\selenium_workspace\SRIRAM_SELENIUM1\testng.xml
at java.util.ArrayList.forEach(Unknown Source)
... Removed 26 stack frames]]>
    </failure>
  </testcase> <!-- User_login -->
  <testcase name="User_registration" time="0.0" classname="Frameworks_TestNG_Suite_parameter.Get_Parameters_From_Suite">
    <failure type="org.testng.TestNGException" message="
Parameter &amp;apos;Fname&amp;apos; is required by @Test on method User_registration but has not been marked @Optional or defined
in C:\Users\DELL\selenium_workspace\SRIRAM_SELENIUM1\testng.xml">
      <![CDATA[org.testng.TestNGException: 
Parameter 'Fname' is required by @Test on method User_registration but has not been marked @Optional or defined
in C:\Users\DELL\selenium_workspace\SRIRAM_SELENIUM1\testng.xml
at java.util.ArrayList.forEach(Unknown Source)
... Removed 26 stack frames]]>
    </failure>
  </testcase> <!-- User_registration -->
</testsuite> <!-- parameters -->
